Build started 6/7/2012 7:25:18 PM.
     1>Project "C:\Documents and Settings\Administrator\Desktop\Phidgets\Programming\C\VC++ Examples\Visual Studio Projects\InterfaceKit-simple\InterfaceKit-simple.vcxproj" on node 2 (rebuild target(s)).
     1>_PrepareForClean:
         Deleting file "Release\InterfaceKit-simple.lastbuildstate".
       InitializeBuildStatus:
         Touching "Release\InterfaceKit-simple.unsuccessfulbuild".
       ClCompile:
         C:\Program Files\Microsoft Visual Studio 10.0\VC\bin\CL.exe /c /I"C:\Program Files\Phidgets" /Zi /nologo /W1 /WX- /O2 /Oy- /Gm- /EHsc /MD /GS /fp:precise /Zc:wchar_t /Zc:forScope /Fo"Release\\" /Fd"Release\vc100.pdb" /Gd /TC /analyze- /errorReport:prompt "..\..\source\InterfaceKit-simple.c"
         InterfaceKit-simple.c
       Link:
         C:\Program Files\Microsoft Visual Studio 10.0\VC\bin\link.exe /ERRORREPORT:PROMPT /OUT:"C:\Documents and Settings\Administrator\Desktop\Phidgets\Programming\C\VC++ Examples\Release\InterfaceKit-simple.exe" /NOLOGO "C:\Program Files\Phidgets\phidget21.lib" kernel32.lib user32.lib gdi32.lib winspool.lib comdlg32.lib advapi32.lib shell32.lib ole32.lib oleaut32.lib uuid.lib odbc32.lib odbccp32.lib /MANIFEST /ManifestFile:"Release\InterfaceKit-simple.exe.intermediate.manifest" /MANIFESTUAC:"level='asInvoker' uiAccess='false'" /PDB:"C:\Documents and Settings\Administrator\Desktop\Phidgets\Programming\C\VC++ Examples\Release\InterfaceKit-simple.pdb" /TLBID:1 /DYNAMICBASE /NXCOMPAT /IMPLIB:"C:\Documents and Settings\Administrator\Desktop\Phidgets\Programming\C\VC++ Examples\Release\InterfaceKit-simple.lib" /MACHINE:X86 "Release\InterfaceKit-simple.obj"
         InterfaceKit-simple.vcxproj -> C:\Documents and Settings\Administrator\Desktop\Phidgets\Programming\C\VC++ Examples\Release\InterfaceKit-simple.exe
       Manifest:
         C:\Program Files\Microsoft SDKs\Windows\v7.0A\bin\mt.exe /nologo /verbose /outputresource:"C:\Documents and Settings\Administrator\Desktop\Phidgets\Programming\C\VC++ Examples\Release\InterfaceKit-simple.exe;#1" /manifest "Release\InterfaceKit-simple.exe.intermediate.manifest"
       FinalizeBuildStatus:
         Deleting file "Release\InterfaceKit-simple.unsuccessfulbuild".
         Touching "Release\InterfaceKit-simple.lastbuildstate".
     1>Done Building Project "C:\Documents and Settings\Administrator\Desktop\Phidgets\Programming\C\VC++ Examples\Visual Studio Projects\InterfaceKit-simple\InterfaceKit-simple.vcxproj" (rebuild target(s)).

Build succeeded.

Time Elapsed 00:00:04.20
